{
  "RSpec": {
    "coverage": {
      "/home/dauntless-reference-4040/tic-tac-toe-rb-ruby-apply-000/lib/tic_tac_toe.rb": [
        null,
        1,
        null,
        null,
        null,
        null,
        null,
        null,
        null,
        null,
        1,
        21,
        21,
        21,
        21,
        21,
        null,
        null,
        1,
        20,
        null,
        null,
        1,
        19,
        null,
        null,
        1,
        null,
        20,
        null,
        null,
        1,
        129,
        null,
        null,
        null,
        1,
        20,
        20,
        17,
        17,
        16,
        16,
        null,
        1,
        null,
        null,
        null,
        1,
        180,
        null,
        null,
        1,
        17,
        13,
        null,
        4,
        null,
        17,
        null,
        null,
        null,
        1,
        51,
        357,
        357,
        357,
        357,
        null,
        null,
        null,
        null,
        1,
        217,
        null,
        null,
        null,
        1,
        20,
        null,
        null,
        1,
        29,
        null,
        null,
        null,
        null,
        1,
        3,
        2,
        null,
        null,
        null,
        1,
        0,
        null,
        null,
        null,
        1,
        null,
        12,
        18,
        14,
        null,
        null,
        null,
        null,
        null,
        null,
        null,
        null,
        null,
        null,
        null,
        null,
        null,
        null,
        null
      ]
    },
    "timestamp": 1589356133
  }
}
