{
  "RSpec": {
    "coverage": {
      "/home/dauntless-reference-4040/tic-tac-toe-rb-ruby-apply-000/lib/tic_tac_toe.rb": [
        null,
        1,
        null,
        null,
        null,
        null,
        null,
        null,
        null,
        null,
        1,
        30,
        30,
        30,
        30,
        30,
        null,
        null,
        1,
        47548,
        null,
        null,
        1,
        28,
        null,
        null,
        1,
        null,
        47548,
        null,
        null,
        1,
        47629,
        null,
        null,
        null,
        1,
        47555,
        47549,
        47545,
        47545,
        25,
        25,
        null,
        47520,
        null,
        null,
        null,
        1,
        270,
        null,
        null,
        1,
        26,
        18,
        null,
        8,
        null,
        26,
        null,
        null,
        null,
        1,
        39,
        264,
        264,
        264,
        264,
        null,
        null,
        null,
        null,
        1,
        157,
        null,
        null,
        null,
        1,
        14,
        null,
        null,
        1,
        24,
        null,
        null,
        null,
        null,
        1,
        3,
        2,
        null,
        null,
        null,
        1,
        0,
        null,
        null,
        null,
        1,
        null,
        12,
        null,
        null,
        null,
        null
      ]
    },
    "timestamp": 1589355180
  }
}
